app/build/intermediates/manifest_merge_blame_file/debug/manifest-merger-blame-debug-report.txt
1<?xml version="1.0" encoding="utf-8"?>
2<!--
3     author : Ross Crawford
4     matriculation no. : S1821950
5     university : Glasgow Caledonian University
6     module : Mobile Platform Development
7-->
8<manifest xmlns:android="http://schemas.android.com/apk/res/android"
9    package="com.rosscrawford.mpdtrafficscotland"
10    android:versionCode="1"
11    android:versionName="1.0" >
12
13    <uses-sdk
14        android:minSdkVersion="26"
14-->src\main\AndroidManifest.xml
15        android:targetSdkVersion="28" />
15-->src\main\AndroidManifest.xml
16
17    <uses-permission android:name="android.permission.INTERNET" />
17-->src\main\AndroidManifest.xml:12:5-67
17-->src\main\AndroidManifest.xml:12:22-64
18
19    <!-- Include required permissions for Google Maps API to run. -->
20    <uses-permission android:name="android.permission.ACCESS_NETWORK_STATE" />
20-->[com.google.android.gms:play-services-maps:17.0.0] AndroidManifest.xml:23:5-79
20-->[com.google.android.gms:play-services-maps:17.0.0] AndroidManifest.xml:23:22-76
21
22    <uses-feature
22-->[com.google.android.gms:play-services-maps:17.0.0] AndroidManifest.xml:26:5-28:35
23        android:glEsVersion="0x00020000"
23-->[com.google.android.gms:play-services-maps:17.0.0] AndroidManifest.xml:27:9-41
24        android:required="true" />
24-->[com.google.android.gms:play-services-maps:17.0.0] AndroidManifest.xml:28:9-32
25
26    <application
26-->src\main\AndroidManifest.xml:14:5-48:19
27        android:name="com.rosscrawford.mpdtrafficscotland.TrafficApplication"
27-->src\main\AndroidManifest.xml:15:9-43
28        android:allowBackup="true"
28-->src\main\AndroidManifest.xml:16:9-35
29        android:appComponentFactory="androidx.core.app.CoreComponentFactory"
29-->[androidx.core:core:1.1.0] AndroidManifest.xml:24:18-86
30        android:debuggable="true"
31        android:fullBackupContent="true"
31-->src\main\AndroidManifest.xml:21:9-41
32        android:icon="@mipmap/ic_launcher"
32-->src\main\AndroidManifest.xml:17:9-43
33        android:label="@string/app_name"
33-->src\main\AndroidManifest.xml:18:9-41
34        android:roundIcon="@mipmap/ic_launcher_round"
34-->src\main\AndroidManifest.xml:19:9-54
35        android:supportsRtl="true"
35-->src\main\AndroidManifest.xml:20:9-35
36        android:testOnly="true"
37        android:theme="@style/AppTheme" >
37-->src\main\AndroidManifest.xml:22:9-40
38        <meta-data
38-->src\main\AndroidManifest.xml:24:9-26:55
39            android:name="com.google.android.geo.API_KEY"
39-->src\main\AndroidManifest.xml:25:13-58
40            android:value="@string/google_maps_key" />
40-->src\main\AndroidManifest.xml:26:13-52
41
42        <activity android:name="com.rosscrawford.mpdtrafficscotland.MainActivity" >
42-->src\main\AndroidManifest.xml:28:9-34:20
42-->src\main\AndroidManifest.xml:28:19-47
43            <intent-filter>
43-->src\main\AndroidManifest.xml:29:13-33:29
44                <action android:name="android.intent.action.MAIN" />
44-->src\main\AndroidManifest.xml:30:17-69
44-->src\main\AndroidManifest.xml:30:25-66
45                <action android:name="android.intent.action.VIEW" />
45-->src\main\AndroidManifest.xml:31:17-69
45-->src\main\AndroidManifest.xml:31:25-66
46
47                <category android:name="android.intent.category.LAUNCHER" />
47-->src\main\AndroidManifest.xml:32:17-77
47-->src\main\AndroidManifest.xml:32:27-74
48            </intent-filter>
49        </activity>
50        <activity android:name="com.rosscrawford.mpdtrafficscotland.ItemList" >
50-->src\main\AndroidManifest.xml:36:9-40:20
50-->src\main\AndroidManifest.xml:36:19-43
51            <meta-data
51-->src\main\AndroidManifest.xml:37:13-39:49
52                android:name="android.support.PARENT_ACTIVITY"
52-->src\main\AndroidManifest.xml:38:17-63
53                android:value=".MainActivity" />
53-->src\main\AndroidManifest.xml:39:17-46
54        </activity>
55        <activity android:name="com.rosscrawford.mpdtrafficscotland.ItemOverview" >
55-->src\main\AndroidManifest.xml:42:9-46:20
55-->src\main\AndroidManifest.xml:42:19-47
56            <meta-data
56-->src\main\AndroidManifest.xml:37:13-39:49
57                android:name="android.support.PARENT_ACTIVITY"
57-->src\main\AndroidManifest.xml:38:17-63
58                android:value=".ItemList" />
58-->src\main\AndroidManifest.xml:39:17-46
59        </activity>
60
61        <!-- Needs to be explicitly declared on P+ -->
62        <uses-library
62-->[com.google.android.gms:play-services-maps:17.0.0] AndroidManifest.xml:33:9-35:40
63            android:name="org.apache.http.legacy"
63-->[com.google.android.gms:play-services-maps:17.0.0] AndroidManifest.xml:34:13-50
64            android:required="false" />
64-->[com.google.android.gms:play-services-maps:17.0.0] AndroidManifest.xml:35:13-37
65
66        <activity
66-->[com.google.android.gms:play-services-base:17.0.0] AndroidManifest.xml:23:9-26:75
67            android:name="com.google.android.gms.common.api.GoogleApiActivity"
67-->[com.google.android.gms:play-services-base:17.0.0] AndroidManifest.xml:24:13-79
68            android:exported="false"
68-->[com.google.android.gms:play-services-base:17.0.0] AndroidManifest.xml:25:13-37
69            android:theme="@android:style/Theme.Translucent.NoTitleBar" />
69-->[com.google.android.gms:play-services-base:17.0.0] AndroidManifest.xml:26:13-72
70
71        <meta-data
71-->[com.google.android.gms:play-services-basement:17.0.0] AndroidManifest.xml:23:9-25:69
72            android:name="com.google.android.gms.version"
72-->[com.google.android.gms:play-services-basement:17.0.0] AndroidManifest.xml:24:13-58
73            android:value="@integer/google_play_services_version" />
73-->[com.google.android.gms:play-services-basement:17.0.0] AndroidManifest.xml:25:13-66
74    </application>
75
76</manifest>